<?xml version="1.0" encoding="UTF-8"?>
<testsuite name="dat250assignment1.AppTest" tests="1" skipped="0" failures="0" errors="0" timestamp="2023-08-28T08:44:40" hostname="pals-MacBook-Pro.local" time="0.007">
  <properties/>
  <testcase name="appHasAGreeting()" classname="dat250assignment1.AppTest" time="0.007"/>
  <system-out><![CDATA[]]></system-out>
  <system-err><![CDATA[]]></system-err>
</testsuite>
